Arguments: 
  C:\Program Files\nodejs\node.exe C:\Users\evalt\AppData\Roaming\npm\node_modules\yarn\bin\yarn.js install

PATH: 
  C:\Program Files\NVIDIA GPU Computing Toolkit\CUDA\v12.1\bin;C:\Program Files\NVIDIA GPU Computing Toolkit\CUDA\v12.1\libnvvp;C:\Windows\system32;C:\Windows;C:\Windows\System32\Wbem;C:\Windows\System32\WindowsPowerShell\v1.0\;C:\Windows\System32\OpenSSH\;C:\Program Files\NVIDIA Corporation\NVIDIA NvDLISR;C:\Program Files\Docker\Docker\resources\bin;C:\ProgramData\DockerDesktop\version-bin;C:\Program Files\Git\cmd;C:\Program Files\nodejs\;C:\Users\evalt\AppData\Local\Android\Sdk\platform-tools;C:\Program Files\dotnet\;D:\FLUTTER\flutter\bin;D:\Android\Sdk;D:\GRADDLE\gradle-7.6.1\bin;D:\DESENVOLVIMENTO\jdk-11\bin;D:\DESENVOLVIMENTO\apache-maven-3.9.0\bin;C:\Program Files\NVIDIA Corporation\Nsight Compute 2023.1.0\;C:\Program Files (x86)\NVIDIA Corporation\PhysX\Common;C:\Users\evalt\AppData\Local\Programs\Python\Python311\Scripts;C:\Users\evalt\AppData\Local\Microsoft\WindowsApps;C:\Users\evalt\AppData\Local\Programs\Microsoft VS Code\bin;C:\Users\evalt\AppData\Roaming\npm;C:\Users\evalt\.dotnet\tools;C:\ProgramData\evalt\gitkraken\bin;C:\Users\evalt\AppData\Local\gitkraken\bin

Yarn version: 
  1.22.18

Node version: 
  14.20.0

Platform: 
  win32 x64

Trace: 
  Error: EPERM: operation not permitted, unlink 'C:\Users\evalt\AppData\Local\Yarn\Cache\v6\npm-@tensorflow-tfjs-layers-3.21.0-7fff00662e86f132bcab67f079c8653c3b1580e7-integrity\node_modules\@tensorflow\tfjs-layers\.yarn-tarball.tgz'

npm manifest: 
  {
    "name": "api-rec-facial",
    "version": "1.0.0",
    "description": "",
    "main": "app.js",
    "scripts": {
      "start": "nodemon ./src/index.js",
      "test": "echo \"Error: no test specified\" && exit 1"
    },
    "keywords": [],
    "author": "",
    "license": "ISC",
    "dependencies": {
      "@tensorflow/tfjs": "^2.8.6",
      "@vladmandic/face-api": "^0.13.3",
      "canvas": "^2.6.1",
      "cors": "^2.8.5",
      "express": "^4.17.1",
      "express-fileupload": "^1.2.1",
      "fs": "0.0.1-security",
      "path": "^0.12.7"
    },
    "devDependencies": {
      "nodemon": "^2.0.7"
    }
  }

yarn manifest: 
  No manifest

Lockfile: 
  No lockfile
